<?xml version="1.0" encoding="UTF-8"?>
<robot generator="Robot 4.0.1 (Python 3.8.0 on win32)" generated="20210429 13:53:55.463" rpa="false" schemaversion="2">
<suite id="s1" name="mouseOperations" source="C:\Users\Kalle\PycharmProjects\studentsRobotSelenium\TestCases\mouseOperations.robot">
<test id="s1-t1" name="MouseActions">
<kw name="rightClickAction">
<kw name="Open Browser" library="SeleniumLibrary">
<arg>${url1}</arg>
<doc>Opens a new browser instance to the optional ``url``.</doc>
<msg timestamp="20210429 13:53:55.700" level="INFO">Opening browser 'firefox' to base url 'https://swisnl.github.io/jQuery-contextMenu/demo.html'.</msg>
<msg timestamp="20210429 13:53:55.704" level="INFO">Firefox driver log is always forced to to: C:\Users\Kalle\PycharmProjects\studentsRobotSelenium\geckodriver-38.log</msg>
<status status="PASS" starttime="20210429 13:53:55.700" endtime="20210429 13:54:01.390"/>
</kw>
<kw name="Open Context Menu" library="SeleniumLibrary">
<arg>xpath://span[@class='context-menu-one btn btn-neutral']</arg>
<doc>Opens the context menu on the element identified by ``locator``.</doc>
<status status="PASS" starttime="20210429 13:54:01.390" endtime="20210429 13:54:01.710"/>
</kw>
<kw name="Sleep" library="BuiltIn">
<arg>3</arg>
<doc>Pauses the test executed for the given time.</doc>
<msg timestamp="20210429 13:54:04.710" level="INFO">Slept 3 seconds</msg>
<status status="PASS" starttime="20210429 13:54:01.710" endtime="20210429 13:54:04.710"/>
</kw>
<status status="PASS" starttime="20210429 13:53:55.700" endtime="20210429 13:54:04.710"/>
</kw>
<kw name="doubleClickAction">
<kw name="Open Browser" library="SeleniumLibrary">
<arg>${url2}</arg>
<doc>Opens a new browser instance to the optional ``url``.</doc>
<msg timestamp="20210429 13:54:04.711" level="INFO">Opening browser 'firefox' to base url 'http://testautomationpractice.blogspot.com/'.</msg>
<msg timestamp="20210429 13:54:04.715" level="INFO">Firefox driver log is always forced to to: C:\Users\Kalle\PycharmProjects\studentsRobotSelenium\geckodriver-39.log</msg>
<status status="PASS" starttime="20210429 13:54:04.711" endtime="20210429 13:54:15.289"/>
</kw>
<kw name="Double Click Element" library="SeleniumLibrary">
<arg>xpath://button[contains(text(), 'Copy Text')]</arg>
<doc>Double clicks the element identified by ``locator``.</doc>
<msg timestamp="20210429 13:54:15.289" level="INFO">Double clicking element 'xpath://button[contains(text(), 'Copy Text')]'.</msg>
<status status="PASS" starttime="20210429 13:54:15.289" endtime="20210429 13:54:15.591"/>
</kw>
<status status="PASS" starttime="20210429 13:54:04.710" endtime="20210429 13:54:15.591"/>
</kw>
<kw name="dragDropAction">
<kw name="Open Browser" library="SeleniumLibrary">
<arg>${url3}</arg>
<doc>Opens a new browser instance to the optional ``url``.</doc>
<msg timestamp="20210429 13:54:15.592" level="INFO">Opening browser 'firefox' to base url 'http://www.dhtmlgoodies.com/scripts/drag-drop-custom/demo-drag-drop-3.html'.</msg>
<msg timestamp="20210429 13:54:15.597" level="INFO">Firefox driver log is always forced to to: C:\Users\Kalle\PycharmProjects\studentsRobotSelenium\geckodriver-40.log</msg>
<status status="PASS" starttime="20210429 13:54:15.592" endtime="20210429 13:54:23.949"/>
</kw>
<kw name="Drag And Drop" library="SeleniumLibrary">
<arg>id:box2</arg>
<arg>id:box102</arg>
<doc>Drags the element identified by ``locator`` into the ``target`` element.</doc>
<status status="PASS" starttime="20210429 13:54:23.949" endtime="20210429 13:54:24.487"/>
</kw>
<kw name="Sleep" library="BuiltIn">
<arg>3</arg>
<doc>Pauses the test executed for the given time.</doc>
<msg timestamp="20210429 13:54:27.489" level="INFO">Slept 3 seconds</msg>
<status status="PASS" starttime="20210429 13:54:24.488" endtime="20210429 13:54:27.489"/>
</kw>
<status status="PASS" starttime="20210429 13:54:15.592" endtime="20210429 13:54:27.489"/>
</kw>
<kw name="dragDropAction2">
<kw name="Open Browser" library="SeleniumLibrary">
<arg>${url2}</arg>
<doc>Opens a new browser instance to the optional ``url``.</doc>
<msg timestamp="20210429 13:54:27.491" level="INFO">Opening browser 'firefox' to base url 'http://testautomationpractice.blogspot.com/'.</msg>
<msg timestamp="20210429 13:54:27.494" level="INFO">Firefox driver log is always forced to to: C:\Users\Kalle\PycharmProjects\studentsRobotSelenium\geckodriver-41.log</msg>
<status status="PASS" starttime="20210429 13:54:27.491" endtime="20210429 13:54:37.642"/>
</kw>
<kw name="Drag And Drop" library="SeleniumLibrary">
<arg>id:draggable</arg>
<arg>id:droppable</arg>
<doc>Drags the element identified by ``locator`` into the ``target`` element.</doc>
<status status="PASS" starttime="20210429 13:54:37.642" endtime="20210429 13:54:38.213"/>
</kw>
<status status="PASS" starttime="20210429 13:54:27.490" endtime="20210429 13:54:38.213"/>
</kw>
<kw name="Close All Browsers" library="SeleniumLibrary">
<doc>Closes all open browsers and resets the browser cache.</doc>
<status status="PASS" starttime="20210429 13:54:38.213" endtime="20210429 13:54:40.195"/>
</kw>
<status status="PASS" starttime="20210429 13:53:55.699" endtime="20210429 13:54:40.195"/>
</test>
<status status="PASS" starttime="20210429 13:53:55.465" endtime="20210429 13:54:40.197"/>
</suite>
<statistics>
<total>
<stat pass="1" fail="0" skip="0">All Tests</stat>
</total>
<tag>
</tag>
<suite>
<stat pass="1" fail="0" skip="0" id="s1" name="mouseOperations">mouseOperations</stat>
</suite>
</statistics>
<errors>
</errors>
</robot>
